Terminals unused in grammar

   ETOK


Grammar

    0 $accept: program $end

    1 program: decl_block code_block

    2 decl_block: declblock '{' declaration_list '}'

    3 code_block: codeblock '{' statement_list '}'

    4 declaration_list: decl_stmt ';'
    5                 | declaration_list decl_stmt ';'

    6 decl_stmt: TYPE expr

    7 expr: variables ',' expr
    8     | variables

    9 variables: IDENTIFIER '[' VALUE ']'
   10          | IDENTIFIER

   11 statement_list: forloop statement_list
   12               | whileloop statement_list
   13               | gotoloop ';' statement_list
   14               | condition statement_list
   15               | print ';' statement_list
   16               | read ';' statement_list
   17               | stmt ';' statement_list
   18               | IDENTIFIER ':' statement_list
   19               | %empty

   20 stmt: VARIABLE '=' stmt
   21     | expression

   22 VARIABLE: IDENTIFIER
   23         | IDENTIFIER '[' expression ']'

   24 VALUE: DIGIT
   25      | NUMBER

   26 condition: IF boolexpression '{' statement_list '}' ELSE '{' statement_list '}'
   27          | IF boolexpression '{' statement_list '}'

   28 whileloop: WHILE boolexpression '{' statement_list '}'

   29 forloop: FOR VARIABLE '=' VALUE ',' VALUE ',' VALUE '{' statement_list '}'
   30        | FOR VARIABLE '=' VALUE ',' VALUE '{' statement_list '}'

   31 gotoloop: GOTO IDENTIFIER
   32         | GOTO IDENTIFIER IF boolexpression

   33 read: READ readvars

   34 readvars: VARIABLE ',' readvars
   35         | VARIABLE

   36 print: PRINT printstmt
   37      | PRINTLN printstmt

   38 printstmt: printstmt ',' prt
   39          | prt

   40 prt: TEXT
   41    | VARIABLE

   42 boolexpression: expression LOGOR expression
   43               | expression LOGAND expression
   44               | expression LOGEQ expression
   45               | expression NOTEQ expression
   46               | expression GEQ expression
   47               | expression '>' expression
   48               | expression LEQ expression
   49               | expression '<' expression
   50               | '(' boolexpression ')'

   51 expression: expression '|' expression
   52           | expression '^' expression
   53           | expression '&' expression
   54           | expression '-' expression
   55           | expression '+' expression
   56           | expression '%' expression
   57           | expression '/' expression
   58           | expression '*' expression
   59           | '(' expression ')'
   60           | VARIABLE
   61           | VALUE


Terminals, with rules where they appear

$end (0) 0
'%' (37) 56
'&' (38) 53
'(' (40) 50 59
')' (41) 50 59
'*' (42) 58
'+' (43) 55
',' (44) 7 29 30 34 38
'-' (45) 54
'/' (47) 57
':' (58) 18
';' (59) 4 5 13 15 16 17
'<' (60) 49
'=' (61) 20 29 30
'>' (62) 47
'[' (91) 9 23
']' (93) 9 23
'^' (94) 52
'{' (123) 2 3 26 27 28 29 30
'|' (124) 51
'}' (125) 2 3 26 27 28 29 30
error (256)
declblock (258) 2
codeblock (259) 3
DIGIT (260) 24
NUMBER (261) 25
IDENTIFIER (262) 9 10 18 22 23 31 32
ETOK (263)
TYPE (264) 6
TEXT (265) 40
IF (266) 26 27 32
ELSE (267) 26
WHILE (268) 28
FOR (269) 29 30
GOTO (270) 31 32
PRINT (271) 36
PRINTLN (272) 37
READ (273) 33
LOGEQ (274) 44
LOGOR (275) 42
LEQ (276) 48
NOTEQ (277) 45
GEQ (278) 46
LOGAND (279) 43


Nonterminals, with rules where they appear

$accept (45)
    on left: 0
program (46)
    on left: 1, on right: 0
decl_block (47)
    on left: 2, on right: 1
code_block (48)
    on left: 3, on right: 1
declaration_list (49)
    on left: 4 5, on right: 2 5
decl_stmt (50)
    on left: 6, on right: 4 5
expr (51)
    on left: 7 8, on right: 6 7
variables (52)
    on left: 9 10, on right: 7 8
statement_list (53)
    on left: 11 12 13 14 15 16 17 18 19, on right: 3 11 12 13 14 15
    16 17 18 26 27 28 29 30
stmt (54)
    on left: 20 21, on right: 17 20
VARIABLE (55)
    on left: 22 23, on right: 20 29 30 34 35 41 60
VALUE (56)
    on left: 24 25, on right: 9 29 30 61
condition (57)
    on left: 26 27, on right: 14
whileloop (58)
    on left: 28, on right: 12
forloop (59)
    on left: 29 30, on right: 11
gotoloop (60)
    on left: 31 32, on right: 13
read (61)
    on left: 33, on right: 16
readvars (62)
    on left: 34 35, on right: 33 34
print (63)
    on left: 36 37, on right: 15
printstmt (64)
    on left: 38 39, on right: 36 37 38
prt (65)
    on left: 40 41, on right: 38 39
boolexpression (66)
    on left: 42 43 44 45 46 47 48 49 50, on right: 26 27 28 32 50
expression (67)
    on left: 51 52 53 54 55 56 57 58 59 60 61, on right: 21 23 42 43
    44 45 46 47 48 49 51 52 53 54 55 56 57 58 59


State 0

    0 $accept: . program $end

    declblock  shift, and go to state 1

    program     go to state 2
    decl_block  go to state 3


State 1

    2 decl_block: declblock . '{' declaration_list '}'

    '{'  shift, and go to state 4


State 2

    0 $accept: program . $end

    $end  shift, and go to state 5


State 3

    1 program: decl_block . code_block

    codeblock  shift, and go to state 6

    code_block  go to state 7


State 4

    2 decl_block: declblock '{' . declaration_list '}'

    TYPE  shift, and go to state 8

    declaration_list  go to state 9
    decl_stmt         go to state 10


State 5

    0 $accept: program $end .

    $default  accept


State 6

    3 code_block: codeblock . '{' statement_list '}'

    '{'  shift, and go to state 11


State 7

    1 program: decl_block code_block .

    $default  reduce using rule 1 (program)


State 8

    6 decl_stmt: TYPE . expr

    IDENTIFIER  shift, and go to state 12

    expr       go to state 13
    variables  go to state 14


State 9

    2 decl_block: declblock '{' declaration_list . '}'
    5 declaration_list: declaration_list . decl_stmt ';'

    TYPE  shift, and go to state 8
    '}'   shift, and go to state 15

    decl_stmt  go to state 16


State 10

    4 declaration_list: decl_stmt . ';'

    ';'  shift, and go to state 17


State 11

    3 code_block: codeblock '{' . statement_list '}'

    DIGIT       shift, and go to state 18
    NUMBER      shift, and go to state 19
    IDENTIFIER  shift, and go to state 20
    IF          shift, and go to state 21
    WHILE       shift, and go to state 22
    FOR         shift, and go to state 23
    GOTO        shift, and go to state 24
    PRINT       shift, and go to state 25
    PRINTLN     shift, and go to state 26
    READ        shift, and go to state 27
    '('         shift, and go to state 28

    $default  reduce using rule 19 (statement_list)

    statement_list  go to state 29
    stmt            go to state 30
    VARIABLE        go to state 31
    VALUE           go to state 32
    condition       go to state 33
    whileloop       go to state 34
    forloop         go to state 35
    gotoloop        go to state 36
    read            go to state 37
    print           go to state 38
    expression      go to state 39


State 12

    9 variables: IDENTIFIER . '[' VALUE ']'
   10          | IDENTIFIER .

    '['  shift, and go to state 40

    $default  reduce using rule 10 (variables)


State 13

    6 decl_stmt: TYPE expr .

    $default  reduce using rule 6 (decl_stmt)


State 14

    7 expr: variables . ',' expr
    8     | variables .

    ','  shift, and go to state 41

    $default  reduce using rule 8 (expr)


State 15

    2 decl_block: declblock '{' declaration_list '}' .

    $default  reduce using rule 2 (decl_block)


State 16

    5 declaration_list: declaration_list decl_stmt . ';'

    ';'  shift, and go to state 42


State 17

    4 declaration_list: decl_stmt ';' .

    $default  reduce using rule 4 (declaration_list)


State 18

   24 VALUE: DIGIT .

    $default  reduce using rule 24 (VALUE)


State 19

   25 VALUE: NUMBER .

    $default  reduce using rule 25 (VALUE)


State 20

   18 statement_list: IDENTIFIER . ':' statement_list
   22 VARIABLE: IDENTIFIER .
   23         | IDENTIFIER . '[' expression ']'

    '['  shift, and go to state 43
    ':'  shift, and go to state 44

    $default  reduce using rule 22 (VARIABLE)


State 21

   26 condition: IF . boolexpression '{' statement_list '}' ELSE '{' statement_list '}'
   27          | IF . boolexpression '{' statement_list '}'

    DIGIT       shift, and go to state 18
    NUMBER      shift, and go to state 19
    IDENTIFIER  shift, and go to state 45
    '('         shift, and go to state 46

    VARIABLE        go to state 47
    VALUE           go to state 32
    boolexpression  go to state 48
    expression      go to state 49


State 22

   28 whileloop: WHILE . boolexpression '{' statement_list '}'

    DIGIT       shift, and go to state 18
    NUMBER      shift, and go to state 19
    IDENTIFIER  shift, and go to state 45
    '('         shift, and go to state 46

    VARIABLE        go to state 47
    VALUE           go to state 32
    boolexpression  go to state 50
    expression      go to state 49


State 23

   29 forloop: FOR . VARIABLE '=' VALUE ',' VALUE ',' VALUE '{' statement_list '}'
   30        | FOR . VARIABLE '=' VALUE ',' VALUE '{' statement_list '}'

    IDENTIFIER  shift, and go to state 45

    VARIABLE  go to state 51


State 24

   31 gotoloop: GOTO . IDENTIFIER
   32         | GOTO . IDENTIFIER IF boolexpression

    IDENTIFIER  shift, and go to state 52


State 25

   36 print: PRINT . printstmt

    IDENTIFIER  shift, and go to state 45
    TEXT        shift, and go to state 53

    VARIABLE   go to state 54
    printstmt  go to state 55
    prt        go to state 56


State 26

   37 print: PRINTLN . printstmt

    IDENTIFIER  shift, and go to state 45
    TEXT        shift, and go to state 53

    VARIABLE   go to state 54
    printstmt  go to state 57
    prt        go to state 56


State 27

   33 read: READ . readvars

    IDENTIFIER  shift, and go to state 45

    VARIABLE  go to state 58
    readvars  go to state 59


State 28

   59 expression: '(' . expression ')'

    DIGIT       shift, and go to state 18
    NUMBER      shift, and go to state 19
    IDENTIFIER  shift, and go to state 45
    '('         shift, and go to state 28

    VARIABLE    go to state 47
    VALUE       go to state 32
    expression  go to state 60


State 29

    3 code_block: codeblock '{' statement_list . '}'

    '}'  shift, and go to state 61


State 30

   17 statement_list: stmt . ';' statement_list

    ';'  shift, and go to state 62


State 31

   20 stmt: VARIABLE . '=' stmt
   60 expression: VARIABLE .

    '='  shift, and go to state 63

    $default  reduce using rule 60 (expression)


State 32

   61 expression: VALUE .

    $default  reduce using rule 61 (expression)


State 33

   14 statement_list: condition . statement_list

    DIGIT       shift, and go to state 18
    NUMBER      shift, and go to state 19
    IDENTIFIER  shift, and go to state 20
    IF          shift, and go to state 21
    WHILE       shift, and go to state 22
    FOR         shift, and go to state 23
    GOTO        shift, and go to state 24
    PRINT       shift, and go to state 25
    PRINTLN     shift, and go to state 26
    READ        shift, and go to state 27
    '('         shift, and go to state 28

    $default  reduce using rule 19 (statement_list)

    statement_list  go to state 64
    stmt            go to state 30
    VARIABLE        go to state 31
    VALUE           go to state 32
    condition       go to state 33
    whileloop       go to state 34
    forloop         go to state 35
    gotoloop        go to state 36
    read            go to state 37
    print           go to state 38
    expression      go to state 39


State 34

   12 statement_list: whileloop . statement_list

    DIGIT       shift, and go to state 18
    NUMBER      shift, and go to state 19
    IDENTIFIER  shift, and go to state 20
    IF          shift, and go to state 21
    WHILE       shift, and go to state 22
    FOR         shift, and go to state 23
    GOTO        shift, and go to state 24
    PRINT       shift, and go to state 25
    PRINTLN     shift, and go to state 26
    READ        shift, and go to state 27
    '('         shift, and go to state 28

    $default  reduce using rule 19 (statement_list)

    statement_list  go to state 65
    stmt            go to state 30
    VARIABLE        go to state 31
    VALUE           go to state 32
    condition       go to state 33
    whileloop       go to state 34
    forloop         go to state 35
    gotoloop        go to state 36
    read            go to state 37
    print           go to state 38
    expression      go to state 39


State 35

   11 statement_list: forloop . statement_list

    DIGIT       shift, and go to state 18
    NUMBER      shift, and go to state 19
    IDENTIFIER  shift, and go to state 20
    IF          shift, and go to state 21
    WHILE       shift, and go to state 22
    FOR         shift, and go to state 23
    GOTO        shift, and go to state 24
    PRINT       shift, and go to state 25
    PRINTLN     shift, and go to state 26
    READ        shift, and go to state 27
    '('         shift, and go to state 28

    $default  reduce using rule 19 (statement_list)

    statement_list  go to state 66
    stmt            go to state 30
    VARIABLE        go to state 31
    VALUE           go to state 32
    condition       go to state 33
    whileloop       go to state 34
    forloop         go to state 35
    gotoloop        go to state 36
    read            go to state 37
    print           go to state 38
    expression      go to state 39


State 36

   13 statement_list: gotoloop . ';' statement_list

    ';'  shift, and go to state 67


State 37

   16 statement_list: read . ';' statement_list

    ';'  shift, and go to state 68


State 38

   15 statement_list: print . ';' statement_list

    ';'  shift, and go to state 69


State 39

   21 stmt: expression .
   51 expression: expression . '|' expression
   52           | expression . '^' expression
   53           | expression . '&' expression
   54           | expression . '-' expression
   55           | expression . '+' expression
   56           | expression . '%' expression
   57           | expression . '/' expression
   58           | expression . '*' expression

    '|'  shift, and go to state 70
    '^'  shift, and go to state 71
    '&'  shift, and go to state 72
    '-'  shift, and go to state 73
    '+'  shift, and go to state 74
    '%'  shift, and go to state 75
    '/'  shift, and go to state 76
    '*'  shift, and go to state 77

    $default  reduce using rule 21 (stmt)


State 40

    9 variables: IDENTIFIER '[' . VALUE ']'

    DIGIT   shift, and go to state 18
    NUMBER  shift, and go to state 19

    VALUE  go to state 78


State 41

    7 expr: variables ',' . expr

    IDENTIFIER  shift, and go to state 12

    expr       go to state 79
    variables  go to state 14


State 42

    5 declaration_list: declaration_list decl_stmt ';' .

    $default  reduce using rule 5 (declaration_list)


State 43

   23 VARIABLE: IDENTIFIER '[' . expression ']'

    DIGIT       shift, and go to state 18
    NUMBER      shift, and go to state 19
    IDENTIFIER  shift, and go to state 45
    '('         shift, and go to state 28

    VARIABLE    go to state 47
    VALUE       go to state 32
    expression  go to state 80


State 44

   18 statement_list: IDENTIFIER ':' . statement_list

    DIGIT       shift, and go to state 18
    NUMBER      shift, and go to state 19
    IDENTIFIER  shift, and go to state 20
    IF          shift, and go to state 21
    WHILE       shift, and go to state 22
    FOR         shift, and go to state 23
    GOTO        shift, and go to state 24
    PRINT       shift, and go to state 25
    PRINTLN     shift, and go to state 26
    READ        shift, and go to state 27
    '('         shift, and go to state 28

    $default  reduce using rule 19 (statement_list)

    statement_list  go to state 81
    stmt            go to state 30
    VARIABLE        go to state 31
    VALUE           go to state 32
    condition       go to state 33
    whileloop       go to state 34
    forloop         go to state 35
    gotoloop        go to state 36
    read            go to state 37
    print           go to state 38
    expression      go to state 39


State 45

   22 VARIABLE: IDENTIFIER .
   23         | IDENTIFIER . '[' expression ']'

    '['  shift, and go to state 43

    $default  reduce using rule 22 (VARIABLE)


State 46

   50 boolexpression: '(' . boolexpression ')'
   59 expression: '(' . expression ')'

    DIGIT       shift, and go to state 18
    NUMBER      shift, and go to state 19
    IDENTIFIER  shift, and go to state 45
    '('         shift, and go to state 46

    VARIABLE        go to state 47
    VALUE           go to state 32
    boolexpression  go to state 82
    expression      go to state 83


State 47

   60 expression: VARIABLE .

    $default  reduce using rule 60 (expression)


State 48

   26 condition: IF boolexpression . '{' statement_list '}' ELSE '{' statement_list '}'
   27          | IF boolexpression . '{' statement_list '}'

    '{'  shift, and go to state 84


State 49

   42 boolexpression: expression . LOGOR expression
   43               | expression . LOGAND expression
   44               | expression . LOGEQ expression
   45               | expression . NOTEQ expression
   46               | expression . GEQ expression
   47               | expression . '>' expression
   48               | expression . LEQ expression
   49               | expression . '<' expression
   51 expression: expression . '|' expression
   52           | expression . '^' expression
   53           | expression . '&' expression
   54           | expression . '-' expression
   55           | expression . '+' expression
   56           | expression . '%' expression
   57           | expression . '/' expression
   58           | expression . '*' expression

    LOGEQ   shift, and go to state 85
    LOGOR   shift, and go to state 86
    LEQ     shift, and go to state 87
    NOTEQ   shift, and go to state 88
    GEQ     shift, and go to state 89
    LOGAND  shift, and go to state 90
    '|'     shift, and go to state 70
    '^'     shift, and go to state 71
    '&'     shift, and go to state 72
    '>'     shift, and go to state 91
    '<'     shift, and go to state 92
    '-'     shift, and go to state 73
    '+'     shift, and go to state 74
    '%'     shift, and go to state 75
    '/'     shift, and go to state 76
    '*'     shift, and go to state 77


State 50

   28 whileloop: WHILE boolexpression . '{' statement_list '}'

    '{'  shift, and go to state 93


State 51

   29 forloop: FOR VARIABLE . '=' VALUE ',' VALUE ',' VALUE '{' statement_list '}'
   30        | FOR VARIABLE . '=' VALUE ',' VALUE '{' statement_list '}'

    '='  shift, and go to state 94


State 52

   31 gotoloop: GOTO IDENTIFIER .
   32         | GOTO IDENTIFIER . IF boolexpression

    IF  shift, and go to state 95

    $default  reduce using rule 31 (gotoloop)


State 53

   40 prt: TEXT .

    $default  reduce using rule 40 (prt)


State 54

   41 prt: VARIABLE .

    $default  reduce using rule 41 (prt)


State 55

   36 print: PRINT printstmt .
   38 printstmt: printstmt . ',' prt

    ','  shift, and go to state 96

    $default  reduce using rule 36 (print)


State 56

   39 printstmt: prt .

    $default  reduce using rule 39 (printstmt)


State 57

   37 print: PRINTLN printstmt .
   38 printstmt: printstmt . ',' prt

    ','  shift, and go to state 96

    $default  reduce using rule 37 (print)


State 58

   34 readvars: VARIABLE . ',' readvars
   35         | VARIABLE .

    ','  shift, and go to state 97

    $default  reduce using rule 35 (readvars)


State 59

   33 read: READ readvars .

    $default  reduce using rule 33 (read)


State 60

   51 expression: expression . '|' expression
   52           | expression . '^' expression
   53           | expression . '&' expression
   54           | expression . '-' expression
   55           | expression . '+' expression
   56           | expression . '%' expression
   57           | expression . '/' expression
   58           | expression . '*' expression
   59           | '(' expression . ')'

    '|'  shift, and go to state 70
    '^'  shift, and go to state 71
    '&'  shift, and go to state 72
    '-'  shift, and go to state 73
    '+'  shift, and go to state 74
    '%'  shift, and go to state 75
    '/'  shift, and go to state 76
    '*'  shift, and go to state 77
    ')'  shift, and go to state 98


State 61

    3 code_block: codeblock '{' statement_list '}' .

    $default  reduce using rule 3 (code_block)


State 62

   17 statement_list: stmt ';' . statement_list

    DIGIT       shift, and go to state 18
    NUMBER      shift, and go to state 19
    IDENTIFIER  shift, and go to state 20
    IF          shift, and go to state 21
    WHILE       shift, and go to state 22
    FOR         shift, and go to state 23
    GOTO        shift, and go to state 24
    PRINT       shift, and go to state 25
    PRINTLN     shift, and go to state 26
    READ        shift, and go to state 27
    '('         shift, and go to state 28

    $default  reduce using rule 19 (statement_list)

    statement_list  go to state 99
    stmt            go to state 30
    VARIABLE        go to state 31
    VALUE           go to state 32
    condition       go to state 33
    whileloop       go to state 34
    forloop         go to state 35
    gotoloop        go to state 36
    read            go to state 37
    print           go to state 38
    expression      go to state 39


State 63

   20 stmt: VARIABLE '=' . stmt

    DIGIT       shift, and go to state 18
    NUMBER      shift, and go to state 19
    IDENTIFIER  shift, and go to state 45
    '('         shift, and go to state 28

    stmt        go to state 100
    VARIABLE    go to state 31
    VALUE       go to state 32
    expression  go to state 39


State 64

   14 statement_list: condition statement_list .

    $default  reduce using rule 14 (statement_list)


State 65

   12 statement_list: whileloop statement_list .

    $default  reduce using rule 12 (statement_list)


State 66

   11 statement_list: forloop statement_list .

    $default  reduce using rule 11 (statement_list)


State 67

   13 statement_list: gotoloop ';' . statement_list

    DIGIT       shift, and go to state 18
    NUMBER      shift, and go to state 19
    IDENTIFIER  shift, and go to state 20
    IF          shift, and go to state 21
    WHILE       shift, and go to state 22
    FOR         shift, and go to state 23
    GOTO        shift, and go to state 24
    PRINT       shift, and go to state 25
    PRINTLN     shift, and go to state 26
    READ        shift, and go to state 27
    '('         shift, and go to state 28

    $default  reduce using rule 19 (statement_list)

    statement_list  go to state 101
    stmt            go to state 30
    VARIABLE        go to state 31
    VALUE           go to state 32
    condition       go to state 33
    whileloop       go to state 34
    forloop         go to state 35
    gotoloop        go to state 36
    read            go to state 37
    print           go to state 38
    expression      go to state 39


State 68

   16 statement_list: read ';' . statement_list

    DIGIT       shift, and go to state 18
    NUMBER      shift, and go to state 19
    IDENTIFIER  shift, and go to state 20
    IF          shift, and go to state 21
    WHILE       shift, and go to state 22
    FOR         shift, and go to state 23
    GOTO        shift, and go to state 24
    PRINT       shift, and go to state 25
    PRINTLN     shift, and go to state 26
    READ        shift, and go to state 27
    '('         shift, and go to state 28

    $default  reduce using rule 19 (statement_list)

    statement_list  go to state 102
    stmt            go to state 30
    VARIABLE        go to state 31
    VALUE           go to state 32
    condition       go to state 33
    whileloop       go to state 34
    forloop         go to state 35
    gotoloop        go to state 36
    read            go to state 37
    print           go to state 38
    expression      go to state 39


State 69

   15 statement_list: print ';' . statement_list

    DIGIT       shift, and go to state 18
    NUMBER      shift, and go to state 19
    IDENTIFIER  shift, and go to state 20
    IF          shift, and go to state 21
    WHILE       shift, and go to state 22
    FOR         shift, and go to state 23
    GOTO        shift, and go to state 24
    PRINT       shift, and go to state 25
    PRINTLN     shift, and go to state 26
    READ        shift, and go to state 27
    '('         shift, and go to state 28

    $default  reduce using rule 19 (statement_list)

    statement_list  go to state 103
    stmt            go to state 30
    VARIABLE        go to state 31
    VALUE           go to state 32
    condition       go to state 33
    whileloop       go to state 34
    forloop         go to state 35
    gotoloop        go to state 36
    read            go to state 37
    print           go to state 38
    expression      go to state 39


State 70

   51 expression: expression '|' . expression

    DIGIT       shift, and go to state 18
    NUMBER      shift, and go to state 19
    IDENTIFIER  shift, and go to state 45
    '('         shift, and go to state 28

    VARIABLE    go to state 47
    VALUE       go to state 32
    expression  go to state 104


State 71

   52 expression: expression '^' . expression

    DIGIT       shift, and go to state 18
    NUMBER      shift, and go to state 19
    IDENTIFIER  shift, and go to state 45
    '('         shift, and go to state 28

    VARIABLE    go to state 47
    VALUE       go to state 32
    expression  go to state 105


State 72

   53 expression: expression '&' . expression

    DIGIT       shift, and go to state 18
    NUMBER      shift, and go to state 19
    IDENTIFIER  shift, and go to state 45
    '('         shift, and go to state 28

    VARIABLE    go to state 47
    VALUE       go to state 32
    expression  go to state 106


State 73

   54 expression: expression '-' . expression

    DIGIT       shift, and go to state 18
    NUMBER      shift, and go to state 19
    IDENTIFIER  shift, and go to state 45
    '('         shift, and go to state 28

    VARIABLE    go to state 47
    VALUE       go to state 32
    expression  go to state 107


State 74

   55 expression: expression '+' . expression

    DIGIT       shift, and go to state 18
    NUMBER      shift, and go to state 19
    IDENTIFIER  shift, and go to state 45
    '('         shift, and go to state 28

    VARIABLE    go to state 47
    VALUE       go to state 32
    expression  go to state 108


State 75

   56 expression: expression '%' . expression

    DIGIT       shift, and go to state 18
    NUMBER      shift, and go to state 19
    IDENTIFIER  shift, and go to state 45
    '('         shift, and go to state 28

    VARIABLE    go to state 47
    VALUE       go to state 32
    expression  go to state 109


State 76

   57 expression: expression '/' . expression

    DIGIT       shift, and go to state 18
    NUMBER      shift, and go to state 19
    IDENTIFIER  shift, and go to state 45
    '('         shift, and go to state 28

    VARIABLE    go to state 47
    VALUE       go to state 32
    expression  go to state 110


State 77

   58 expression: expression '*' . expression

    DIGIT       shift, and go to state 18
    NUMBER      shift, and go to state 19
    IDENTIFIER  shift, and go to state 45
    '('         shift, and go to state 28

    VARIABLE    go to state 47
    VALUE       go to state 32
    expression  go to state 111


State 78

    9 variables: IDENTIFIER '[' VALUE . ']'

    ']'  shift, and go to state 112


State 79

    7 expr: variables ',' expr .

    $default  reduce using rule 7 (expr)


State 80

   23 VARIABLE: IDENTIFIER '[' expression . ']'
   51 expression: expression . '|' expression
   52           | expression . '^' expression
   53           | expression . '&' expression
   54           | expression . '-' expression
   55           | expression . '+' expression
   56           | expression . '%' expression
   57           | expression . '/' expression
   58           | expression . '*' expression

    '|'  shift, and go to state 70
    '^'  shift, and go to state 71
    '&'  shift, and go to state 72
    '-'  shift, and go to state 73
    '+'  shift, and go to state 74
    '%'  shift, and go to state 75
    '/'  shift, and go to state 76
    '*'  shift, and go to state 77
    ']'  shift, and go to state 113


State 81

   18 statement_list: IDENTIFIER ':' statement_list .

    $default  reduce using rule 18 (statement_list)


State 82

   50 boolexpression: '(' boolexpression . ')'

    ')'  shift, and go to state 114


State 83

   42 boolexpression: expression . LOGOR expression
   43               | expression . LOGAND expression
   44               | expression . LOGEQ expression
   45               | expression . NOTEQ expression
   46               | expression . GEQ expression
   47               | expression . '>' expression
   48               | expression . LEQ expression
   49               | expression . '<' expression
   51 expression: expression . '|' expression
   52           | expression . '^' expression
   53           | expression . '&' expression
   54           | expression . '-' expression
   55           | expression . '+' expression
   56           | expression . '%' expression
   57           | expression . '/' expression
   58           | expression . '*' expression
   59           | '(' expression . ')'

    LOGEQ   shift, and go to state 85
    LOGOR   shift, and go to state 86
    LEQ     shift, and go to state 87
    NOTEQ   shift, and go to state 88
    GEQ     shift, and go to state 89
    LOGAND  shift, and go to state 90
    '|'     shift, and go to state 70
    '^'     shift, and go to state 71
    '&'     shift, and go to state 72
    '>'     shift, and go to state 91
    '<'     shift, and go to state 92
    '-'     shift, and go to state 73
    '+'     shift, and go to state 74
    '%'     shift, and go to state 75
    '/'     shift, and go to state 76
    '*'     shift, and go to state 77
    ')'     shift, and go to state 98


State 84

   26 condition: IF boolexpression '{' . statement_list '}' ELSE '{' statement_list '}'
   27          | IF boolexpression '{' . statement_list '}'

    DIGIT       shift, and go to state 18
    NUMBER      shift, and go to state 19
    IDENTIFIER  shift, and go to state 20
    IF          shift, and go to state 21
    WHILE       shift, and go to state 22
    FOR         shift, and go to state 23
    GOTO        shift, and go to state 24
    PRINT       shift, and go to state 25
    PRINTLN     shift, and go to state 26
    READ        shift, and go to state 27
    '('         shift, and go to state 28

    $default  reduce using rule 19 (statement_list)

    statement_list  go to state 115
    stmt            go to state 30
    VARIABLE        go to state 31
    VALUE           go to state 32
    condition       go to state 33
    whileloop       go to state 34
    forloop         go to state 35
    gotoloop        go to state 36
    read            go to state 37
    print           go to state 38
    expression      go to state 39


State 85

   44 boolexpression: expression LOGEQ . expression

    DIGIT       shift, and go to state 18
    NUMBER      shift, and go to state 19
    IDENTIFIER  shift, and go to state 45
    '('         shift, and go to state 28

    VARIABLE    go to state 47
    VALUE       go to state 32
    expression  go to state 116


State 86

   42 boolexpression: expression LOGOR . expression

    DIGIT       shift, and go to state 18
    NUMBER      shift, and go to state 19
    IDENTIFIER  shift, and go to state 45
    '('         shift, and go to state 28

    VARIABLE    go to state 47
    VALUE       go to state 32
    expression  go to state 117


State 87

   48 boolexpression: expression LEQ . expression

    DIGIT       shift, and go to state 18
    NUMBER      shift, and go to state 19
    IDENTIFIER  shift, and go to state 45
    '('         shift, and go to state 28

    VARIABLE    go to state 47
    VALUE       go to state 32
    expression  go to state 118


State 88

   45 boolexpression: expression NOTEQ . expression

    DIGIT       shift, and go to state 18
    NUMBER      shift, and go to state 19
    IDENTIFIER  shift, and go to state 45
    '('         shift, and go to state 28

    VARIABLE    go to state 47
    VALUE       go to state 32
    expression  go to state 119


State 89

   46 boolexpression: expression GEQ . expression

    DIGIT       shift, and go to state 18
    NUMBER      shift, and go to state 19
    IDENTIFIER  shift, and go to state 45
    '('         shift, and go to state 28

    VARIABLE    go to state 47
    VALUE       go to state 32
    expression  go to state 120


State 90

   43 boolexpression: expression LOGAND . expression

    DIGIT       shift, and go to state 18
    NUMBER      shift, and go to state 19
    IDENTIFIER  shift, and go to state 45
    '('         shift, and go to state 28

    VARIABLE    go to state 47
    VALUE       go to state 32
    expression  go to state 121


State 91

   47 boolexpression: expression '>' . expression

    DIGIT       shift, and go to state 18
    NUMBER      shift, and go to state 19
    IDENTIFIER  shift, and go to state 45
    '('         shift, and go to state 28

    VARIABLE    go to state 47
    VALUE       go to state 32
    expression  go to state 122


State 92

   49 boolexpression: expression '<' . expression

    DIGIT       shift, and go to state 18
    NUMBER      shift, and go to state 19
    IDENTIFIER  shift, and go to state 45
    '('         shift, and go to state 28

    VARIABLE    go to state 47
    VALUE       go to state 32
    expression  go to state 123


State 93

   28 whileloop: WHILE boolexpression '{' . statement_list '}'

    DIGIT       shift, and go to state 18
    NUMBER      shift, and go to state 19
    IDENTIFIER  shift, and go to state 20
    IF          shift, and go to state 21
    WHILE       shift, and go to state 22
    FOR         shift, and go to state 23
    GOTO        shift, and go to state 24
    PRINT       shift, and go to state 25
    PRINTLN     shift, and go to state 26
    READ        shift, and go to state 27
    '('         shift, and go to state 28

    $default  reduce using rule 19 (statement_list)

    statement_list  go to state 124
    stmt            go to state 30
    VARIABLE        go to state 31
    VALUE           go to state 32
    condition       go to state 33
    whileloop       go to state 34
    forloop         go to state 35
    gotoloop        go to state 36
    read            go to state 37
    print           go to state 38
    expression      go to state 39


State 94

   29 forloop: FOR VARIABLE '=' . VALUE ',' VALUE ',' VALUE '{' statement_list '}'
   30        | FOR VARIABLE '=' . VALUE ',' VALUE '{' statement_list '}'

    DIGIT   shift, and go to state 18
    NUMBER  shift, and go to state 19

    VALUE  go to state 125


State 95

   32 gotoloop: GOTO IDENTIFIER IF . boolexpression

    DIGIT       shift, and go to state 18
    NUMBER      shift, and go to state 19
    IDENTIFIER  shift, and go to state 45
    '('         shift, and go to state 46

    VARIABLE        go to state 47
    VALUE           go to state 32
    boolexpression  go to state 126
    expression      go to state 49


State 96

   38 printstmt: printstmt ',' . prt

    IDENTIFIER  shift, and go to state 45
    TEXT        shift, and go to state 53

    VARIABLE  go to state 54
    prt       go to state 127


State 97

   34 readvars: VARIABLE ',' . readvars

    IDENTIFIER  shift, and go to state 45

    VARIABLE  go to state 58
    readvars  go to state 128


State 98

   59 expression: '(' expression ')' .

    $default  reduce using rule 59 (expression)


State 99

   17 statement_list: stmt ';' statement_list .

    $default  reduce using rule 17 (statement_list)


State 100

   20 stmt: VARIABLE '=' stmt .

    $default  reduce using rule 20 (stmt)


State 101

   13 statement_list: gotoloop ';' statement_list .

    $default  reduce using rule 13 (statement_list)


State 102

   16 statement_list: read ';' statement_list .

    $default  reduce using rule 16 (statement_list)


State 103

   15 statement_list: print ';' statement_list .

    $default  reduce using rule 15 (statement_list)


State 104

   51 expression: expression . '|' expression
   51           | expression '|' expression .
   52           | expression . '^' expression
   53           | expression . '&' expression
   54           | expression . '-' expression
   55           | expression . '+' expression
   56           | expression . '%' expression
   57           | expression . '/' expression
   58           | expression . '*' expression

    '^'  shift, and go to state 71
    '&'  shift, and go to state 72
    '-'  shift, and go to state 73
    '+'  shift, and go to state 74
    '%'  shift, and go to state 75
    '/'  shift, and go to state 76
    '*'  shift, and go to state 77

    $default  reduce using rule 51 (expression)


State 105

   51 expression: expression . '|' expression
   52           | expression . '^' expression
   52           | expression '^' expression .
   53           | expression . '&' expression
   54           | expression . '-' expression
   55           | expression . '+' expression
   56           | expression . '%' expression
   57           | expression . '/' expression
   58           | expression . '*' expression

    '&'  shift, and go to state 72
    '-'  shift, and go to state 73
    '+'  shift, and go to state 74
    '%'  shift, and go to state 75
    '/'  shift, and go to state 76
    '*'  shift, and go to state 77

    $default  reduce using rule 52 (expression)


State 106

   51 expression: expression . '|' expression
   52           | expression . '^' expression
   53           | expression . '&' expression
   53           | expression '&' expression .
   54           | expression . '-' expression
   55           | expression . '+' expression
   56           | expression . '%' expression
   57           | expression . '/' expression
   58           | expression . '*' expression

    '-'  shift, and go to state 73
    '+'  shift, and go to state 74
    '%'  shift, and go to state 75
    '/'  shift, and go to state 76
    '*'  shift, and go to state 77

    $default  reduce using rule 53 (expression)


State 107

   51 expression: expression . '|' expression
   52           | expression . '^' expression
   53           | expression . '&' expression
   54           | expression . '-' expression
   54           | expression '-' expression .
   55           | expression . '+' expression
   56           | expression . '%' expression
   57           | expression . '/' expression
   58           | expression . '*' expression

    '+'  shift, and go to state 74
    '%'  shift, and go to state 75
    '/'  shift, and go to state 76
    '*'  shift, and go to state 77

    $default  reduce using rule 54 (expression)


State 108

   51 expression: expression . '|' expression
   52           | expression . '^' expression
   53           | expression . '&' expression
   54           | expression . '-' expression
   55           | expression . '+' expression
   55           | expression '+' expression .
   56           | expression . '%' expression
   57           | expression . '/' expression
   58           | expression . '*' expression

    '%'  shift, and go to state 75
    '/'  shift, and go to state 76
    '*'  shift, and go to state 77

    $default  reduce using rule 55 (expression)


State 109

   51 expression: expression . '|' expression
   52           | expression . '^' expression
   53           | expression . '&' expression
   54           | expression . '-' expression
   55           | expression . '+' expression
   56           | expression . '%' expression
   56           | expression '%' expression .
   57           | expression . '/' expression
   58           | expression . '*' expression

    '/'  shift, and go to state 76
    '*'  shift, and go to state 77

    $default  reduce using rule 56 (expression)


State 110

   51 expression: expression . '|' expression
   52           | expression . '^' expression
   53           | expression . '&' expression
   54           | expression . '-' expression
   55           | expression . '+' expression
   56           | expression . '%' expression
   57           | expression . '/' expression
   57           | expression '/' expression .
   58           | expression . '*' expression

    '*'  shift, and go to state 77

    $default  reduce using rule 57 (expression)


State 111

   51 expression: expression . '|' expression
   52           | expression . '^' expression
   53           | expression . '&' expression
   54           | expression . '-' expression
   55           | expression . '+' expression
   56           | expression . '%' expression
   57           | expression . '/' expression
   58           | expression . '*' expression
   58           | expression '*' expression .

    $default  reduce using rule 58 (expression)


State 112

    9 variables: IDENTIFIER '[' VALUE ']' .

    $default  reduce using rule 9 (variables)


State 113

   23 VARIABLE: IDENTIFIER '[' expression ']' .

    $default  reduce using rule 23 (VARIABLE)


State 114

   50 boolexpression: '(' boolexpression ')' .

    $default  reduce using rule 50 (boolexpression)


State 115

   26 condition: IF boolexpression '{' statement_list . '}' ELSE '{' statement_list '}'
   27          | IF boolexpression '{' statement_list . '}'

    '}'  shift, and go to state 129


State 116

   44 boolexpression: expression LOGEQ expression .
   51 expression: expression . '|' expression
   52           | expression . '^' expression
   53           | expression . '&' expression
   54           | expression . '-' expression
   55           | expression . '+' expression
   56           | expression . '%' expression
   57           | expression . '/' expression
   58           | expression . '*' expression

    '|'  shift, and go to state 70
    '^'  shift, and go to state 71
    '&'  shift, and go to state 72
    '-'  shift, and go to state 73
    '+'  shift, and go to state 74
    '%'  shift, and go to state 75
    '/'  shift, and go to state 76
    '*'  shift, and go to state 77

    $default  reduce using rule 44 (boolexpression)


State 117

   42 boolexpression: expression LOGOR expression .
   51 expression: expression . '|' expression
   52           | expression . '^' expression
   53           | expression . '&' expression
   54           | expression . '-' expression
   55           | expression . '+' expression
   56           | expression . '%' expression
   57           | expression . '/' expression
   58           | expression . '*' expression

    '|'  shift, and go to state 70
    '^'  shift, and go to state 71
    '&'  shift, and go to state 72
    '-'  shift, and go to state 73
    '+'  shift, and go to state 74
    '%'  shift, and go to state 75
    '/'  shift, and go to state 76
    '*'  shift, and go to state 77

    $default  reduce using rule 42 (boolexpression)


State 118

   48 boolexpression: expression LEQ expression .
   51 expression: expression . '|' expression
   52           | expression . '^' expression
   53           | expression . '&' expression
   54           | expression . '-' expression
   55           | expression . '+' expression
   56           | expression . '%' expression
   57           | expression . '/' expression
   58           | expression . '*' expression

    '|'  shift, and go to state 70
    '^'  shift, and go to state 71
    '&'  shift, and go to state 72
    '-'  shift, and go to state 73
    '+'  shift, and go to state 74
    '%'  shift, and go to state 75
    '/'  shift, and go to state 76
    '*'  shift, and go to state 77

    $default  reduce using rule 48 (boolexpression)


State 119

   45 boolexpression: expression NOTEQ expression .
   51 expression: expression . '|' expression
   52           | expression . '^' expression
   53           | expression . '&' expression
   54           | expression . '-' expression
   55           | expression . '+' expression
   56           | expression . '%' expression
   57           | expression . '/' expression
   58           | expression . '*' expression

    '|'  shift, and go to state 70
    '^'  shift, and go to state 71
    '&'  shift, and go to state 72
    '-'  shift, and go to state 73
    '+'  shift, and go to state 74
    '%'  shift, and go to state 75
    '/'  shift, and go to state 76
    '*'  shift, and go to state 77

    $default  reduce using rule 45 (boolexpression)


State 120

   46 boolexpression: expression GEQ expression .
   51 expression: expression . '|' expression
   52           | expression . '^' expression
   53           | expression . '&' expression
   54           | expression . '-' expression
   55           | expression . '+' expression
   56           | expression . '%' expression
   57           | expression . '/' expression
   58           | expression . '*' expression

    '|'  shift, and go to state 70
    '^'  shift, and go to state 71
    '&'  shift, and go to state 72
    '-'  shift, and go to state 73
    '+'  shift, and go to state 74
    '%'  shift, and go to state 75
    '/'  shift, and go to state 76
    '*'  shift, and go to state 77

    $default  reduce using rule 46 (boolexpression)


State 121

   43 boolexpression: expression LOGAND expression .
   51 expression: expression . '|' expression
   52           | expression . '^' expression
   53           | expression . '&' expression
   54           | expression . '-' expression
   55           | expression . '+' expression
   56           | expression . '%' expression
   57           | expression . '/' expression
   58           | expression . '*' expression

    '|'  shift, and go to state 70
    '^'  shift, and go to state 71
    '&'  shift, and go to state 72
    '-'  shift, and go to state 73
    '+'  shift, and go to state 74
    '%'  shift, and go to state 75
    '/'  shift, and go to state 76
    '*'  shift, and go to state 77

    $default  reduce using rule 43 (boolexpression)


State 122

   47 boolexpression: expression '>' expression .
   51 expression: expression . '|' expression
   52           | expression . '^' expression
   53           | expression . '&' expression
   54           | expression . '-' expression
   55           | expression . '+' expression
   56           | expression . '%' expression
   57           | expression . '/' expression
   58           | expression . '*' expression

    '|'  shift, and go to state 70
    '^'  shift, and go to state 71
    '&'  shift, and go to state 72
    '-'  shift, and go to state 73
    '+'  shift, and go to state 74
    '%'  shift, and go to state 75
    '/'  shift, and go to state 76
    '*'  shift, and go to state 77

    $default  reduce using rule 47 (boolexpression)


State 123

   49 boolexpression: expression '<' expression .
   51 expression: expression . '|' expression
   52           | expression . '^' expression
   53           | expression . '&' expression
   54           | expression . '-' expression
   55           | expression . '+' expression
   56           | expression . '%' expression
   57           | expression . '/' expression
   58           | expression . '*' expression

    '|'  shift, and go to state 70
    '^'  shift, and go to state 71
    '&'  shift, and go to state 72
    '-'  shift, and go to state 73
    '+'  shift, and go to state 74
    '%'  shift, and go to state 75
    '/'  shift, and go to state 76
    '*'  shift, and go to state 77

    $default  reduce using rule 49 (boolexpression)


State 124

   28 whileloop: WHILE boolexpression '{' statement_list . '}'

    '}'  shift, and go to state 130


State 125

   29 forloop: FOR VARIABLE '=' VALUE . ',' VALUE ',' VALUE '{' statement_list '}'
   30        | FOR VARIABLE '=' VALUE . ',' VALUE '{' statement_list '}'

    ','  shift, and go to state 131


State 126

   32 gotoloop: GOTO IDENTIFIER IF boolexpression .

    $default  reduce using rule 32 (gotoloop)


State 127

   38 printstmt: printstmt ',' prt .

    $default  reduce using rule 38 (printstmt)


State 128

   34 readvars: VARIABLE ',' readvars .

    $default  reduce using rule 34 (readvars)


State 129

   26 condition: IF boolexpression '{' statement_list '}' . ELSE '{' statement_list '}'
   27          | IF boolexpression '{' statement_list '}' .

    ELSE  shift, and go to state 132

    $default  reduce using rule 27 (condition)


State 130

   28 whileloop: WHILE boolexpression '{' statement_list '}' .

    $default  reduce using rule 28 (whileloop)


State 131

   29 forloop: FOR VARIABLE '=' VALUE ',' . VALUE ',' VALUE '{' statement_list '}'
   30        | FOR VARIABLE '=' VALUE ',' . VALUE '{' statement_list '}'

    DIGIT   shift, and go to state 18
    NUMBER  shift, and go to state 19

    VALUE  go to state 133


State 132

   26 condition: IF boolexpression '{' statement_list '}' ELSE . '{' statement_list '}'

    '{'  shift, and go to state 134


State 133

   29 forloop: FOR VARIABLE '=' VALUE ',' VALUE . ',' VALUE '{' statement_list '}'
   30        | FOR VARIABLE '=' VALUE ',' VALUE . '{' statement_list '}'

    '{'  shift, and go to state 135
    ','  shift, and go to state 136


State 134

   26 condition: IF boolexpression '{' statement_list '}' ELSE '{' . statement_list '}'

    DIGIT       shift, and go to state 18
    NUMBER      shift, and go to state 19
    IDENTIFIER  shift, and go to state 20
    IF          shift, and go to state 21
    WHILE       shift, and go to state 22
    FOR         shift, and go to state 23
    GOTO        shift, and go to state 24
    PRINT       shift, and go to state 25
    PRINTLN     shift, and go to state 26
    READ        shift, and go to state 27
    '('         shift, and go to state 28

    $default  reduce using rule 19 (statement_list)

    statement_list  go to state 137
    stmt            go to state 30
    VARIABLE        go to state 31
    VALUE           go to state 32
    condition       go to state 33
    whileloop       go to state 34
    forloop         go to state 35
    gotoloop        go to state 36
    read            go to state 37
    print           go to state 38
    expression      go to state 39


State 135

   30 forloop: FOR VARIABLE '=' VALUE ',' VALUE '{' . statement_list '}'

    DIGIT       shift, and go to state 18
    NUMBER      shift, and go to state 19
    IDENTIFIER  shift, and go to state 20
    IF          shift, and go to state 21
    WHILE       shift, and go to state 22
    FOR         shift, and go to state 23
    GOTO        shift, and go to state 24
    PRINT       shift, and go to state 25
    PRINTLN     shift, and go to state 26
    READ        shift, and go to state 27
    '('         shift, and go to state 28

    $default  reduce using rule 19 (statement_list)

    statement_list  go to state 138
    stmt            go to state 30
    VARIABLE        go to state 31
    VALUE           go to state 32
    condition       go to state 33
    whileloop       go to state 34
    forloop         go to state 35
    gotoloop        go to state 36
    read            go to state 37
    print           go to state 38
    expression      go to state 39


State 136

   29 forloop: FOR VARIABLE '=' VALUE ',' VALUE ',' . VALUE '{' statement_list '}'

    DIGIT   shift, and go to state 18
    NUMBER  shift, and go to state 19

    VALUE  go to state 139


State 137

   26 condition: IF boolexpression '{' statement_list '}' ELSE '{' statement_list . '}'

    '}'  shift, and go to state 140


State 138

   30 forloop: FOR VARIABLE '=' VALUE ',' VALUE '{' statement_list . '}'

    '}'  shift, and go to state 141


State 139

   29 forloop: FOR VARIABLE '=' VALUE ',' VALUE ',' VALUE . '{' statement_list '}'

    '{'  shift, and go to state 142


State 140

   26 condition: IF boolexpression '{' statement_list '}' ELSE '{' statement_list '}' .

    $default  reduce using rule 26 (condition)


State 141

   30 forloop: FOR VARIABLE '=' VALUE ',' VALUE '{' statement_list '}' .

    $default  reduce using rule 30 (forloop)


State 142

   29 forloop: FOR VARIABLE '=' VALUE ',' VALUE ',' VALUE '{' . statement_list '}'

    DIGIT       shift, and go to state 18
    NUMBER      shift, and go to state 19
    IDENTIFIER  shift, and go to state 20
    IF          shift, and go to state 21
    WHILE       shift, and go to state 22
    FOR         shift, and go to state 23
    GOTO        shift, and go to state 24
    PRINT       shift, and go to state 25
    PRINTLN     shift, and go to state 26
    READ        shift, and go to state 27
    '('         shift, and go to state 28

    $default  reduce using rule 19 (statement_list)

    statement_list  go to state 143
    stmt            go to state 30
    VARIABLE        go to state 31
    VALUE           go to state 32
    condition       go to state 33
    whileloop       go to state 34
    forloop         go to state 35
    gotoloop        go to state 36
    read            go to state 37
    print           go to state 38
    expression      go to state 39


State 143

   29 forloop: FOR VARIABLE '=' VALUE ',' VALUE ',' VALUE '{' statement_list . '}'

    '}'  shift, and go to state 144


State 144

   29 forloop: FOR VARIABLE '=' VALUE ',' VALUE ',' VALUE '{' statement_list '}' .

    $default  reduce using rule 29 (forloop)
